44
StreamXv6
BenjaminO JenK SergeyN ClementM ClementT
ClassroomMaxv2
TatiyanaC SusanQ
ChromeNextv7
JenG BakhodirD PhilippY
ShoppingProv8
FionaN PhilippI
StreamXv9
LarryO
SlidesNextv2
JenZ PhilippH
CollectionsNextv1
TatiyanaC SergeyN MatasW
ExploreUltrav8
BakhodirD ClementM SundarL HiroshiF ClementT SusanQ ClementE
CastOSProv6
BakhodirD
MapsProv8
HiroshiW SergeyT BakhodirD
DaydreamLitev7
BenjaminO
ShortsNextv7
FionaF PhilippY HiroshiF
BuildMaxv1
MichalB RuthX NellyY BakhodirG SergeyV
DocsNextv2
SundarP JenK ClementL
GameProv3
PhilippY
WearOSLitev5
NellyY BakhodirD TatiyanaC JenK PhilippI
DuoZv2
PhilippY SundarP FionaF
FeedBurnerMaxv3
TatiyanaC LarryO
MarsXv1
HiroshiF ClementT MichalB MatasH
ConnectLitev9
SundarA
StreetViewProv9
SundarA JenK ClementE MatasW PhilippK NellyY LarryO
ChromeOSLitev3
PhilippP HiroshiW PhilippY
AndroidTVMaxv5
HiroshiF SundarP PhilippK
GameProv6
LarryO SusanQ StefanQ
AndroidTVXv9
TatiyanaC MatasW SundarL
SitesSv1
SergeyU ClementL
MapsSv7
SundarA PhilippK FionaF LarryO ClementM ThomasK MatasW BakhodirD ClementE
ReleaseUltrav1
ClementT BakhodirD
ResearchXv8
SundarP ClementM BenjaminO JenK ClementE
GameLitev8
PhilippP PhilippK MatasW SergeyN
StreetViewXv1
TatiyanaC JenK FionaF
AndroidAutoZv2
PhilippH MatasC PhilippI LarryX SergeyU
SmartLitev9
JenZ ThomasK PhilippP
SmartSv2
FionaF BakhodirW PhilippK BenjaminT FionaN
SnapshotZv3
NellyX PhilippI PhilippP SundarP PhilippY
CastOSLitev5
BakhodirD ClementM BakhodirG
CastOSXv6
LarryO SundarP PetarF SergeyT ClementL SundarA
MarsUltrav8
PhilippI SergeyU SusanQ PhilippP StefanQ BenjaminT RuthX PetarF MatasW
MarsLitev5
BakhodirD TatiyanaC
GmailLitev9
PhilippP BakhodirG ThomasK StefanQ MatasW LarryX HiroshiF SergeyN
DuoZv4
ThomasK SundarP LarryX ClementT PhilippK RuthX ThomasM
WebserverProv6
PhilippP
FuchsiaXv6
SundarL SundarA
GlassOSLitev9
ClementT BakhodirG SundarA PhilippK HiroshiF PhilippH
