58
ClassroomXv9
LarryG StepanK
SantaTrackerProv9
PrzemekV
CurrentsProv2
StepanJ
StreetViewXv9
PrzemekQ StefanX MaxH ThomasU NellyI
ScholarXv6
SundarD StefanK PrabhakarC BakhodirR RuthB SundarA RuthF JenL MatasK BakhodirG TatiyanaR TatiyanaP
ChromeLitev4
LarryU MichalY PrabhakarA
NewsXv5
SundarV PrzemekH
KeepXv1
PrabhakarA
GroupsZv8
BakhodirL PetarI StepanL MichalV BenjaminK
DocsUltrav2
BakhodirB NellyM ClementA NellyW LarryL PrabhakarM RuthL JenL
StreetViewXv2
RuthW PrzemekF HiroshiS
TravelProv6
PhilippJ
PatentsMaxv2
MaxV PetarD MatasR MatasZ HiroshiH RuthJ BenjaminX BakhodirG ThomasE LarryC
CollectionsProv5
HiroshiT SundarD PetarZ
StreetViewMaxv8
PetarA
AndroidTVLitev7
RuthW MichalD JenE TatiyanaZ MatasH NellyM BakhodirM LarryL StefanA
DatasetSearchLitev6
PrzemekP MaxA BenjaminJ ClementJ StepanL SundarI PhilippK PetarN HiroshiM
AssistantNextv5
PrabhakarE StefanW PrzemekC PhilippA PetarN BakhodirR RuthL MichalQ StepanW MaxW PetarA HiroshiB FionaT PrzemekG BakhodirL SundarM BenjaminY SergeyH
AndroidTVMaxv1
LarryC NellyY MaxA JenE SergeyV SergeyW TatiyanaD FionaL SusanD BenjaminK PhilippV BenjaminG PhilippT SergeyU
CurrentsXv1
StepanV
MoonXv3
SergeyY PetarM
TravelUltrav3
PetarR JenE
SearchUltrav8
SergeyG PhilippI MichalS
DaydreamMaxv4
ThomasQ
DataNextv9
ClementO SergeyR HiroshiI JenE LarryL FionaZ PhilippC StepanK PrzemekH BenjaminR SusanN TatiyanaI PetarD SergeyA PrzemekW HiroshiD PetarV BenjaminY SergeyQ SergeyK LarryD TatiyanaX TatiyanaW ThomasI
LoggingXv4
SergeyJ StepanV MaxK
MarsUltrav4
PhilippY SergeyA TatiyanaT BenjaminY StepanL NellyO MichalQ PhilippE LarryG BakhodirJ MichalF SusanC BakhodirB PetarA PrabhakarV RuthP
ScholarZv1
RuthY MichalQ PrzemekP LarryU
SheetsZv4
RuthF SergeyR
CalendarLitev5
BenjaminS StepanH PrabhakarB NellyK
NewsMaxv1
TatiyanaT
PixelProv1
MatasF
ChatLitev6
NellyV MaxM NellyD ClementI ThomasO StefanH BenjaminK PrabhakarB PetarJ PhilippS StepanK LarryC
CollectionsUltrav9
HiroshiZ BenjaminO
FinanceXv5
ClementV
LearnProv8
JenI
DataSv9
PrzemekG HiroshiC TatiyanaX MaxA PrabhakarA SundarX JenP MichalI BakhodirD FionaB
BloggerProv9
BenjaminK
CodeZv4
RuthY BenjaminR
SkyProv4
BakhodirC ThomasQ
MoonUltrav4
LarryN
FeedBurnerLitev8
StefanN BenjaminL PrabhakarE
FinanceMaxv7
MaxY StepanU HiroshiL ThomasT SusanT
CastOSSv6
SusanH HiroshiI HiroshiT
ClassroomSv2
RuthX
SkyZv5
SundarM
MapsNextv5
SusanS FionaZ
VoiceZv6
HiroshiQ MichalS
ConnectXv3
StefanG
FuchsiaProv7
BenjaminJ SusanV BakhodirQ
KeepNextv4
PrabhakarN
ReleaseLitev7
RuthT SergeyW FionaV MaxO
ChartsMaxv5
NellyA FionaJ MichalY SusanK FionaT
CurrentsProv7
SusanT
AssistantMaxv9
MichalA
AndroidAutoZv1
PetarV HiroshiL
FormsUltrav3
ThomasL MatasF HiroshiI PetarD PrabhakarU PetarN TatiyanaA StepanO
BuildProv1
PrabhakarI
